<?xml version="1.0" encoding="UTF-8"?>
<!-- Generated by org.testng.reporters.JUnitReportReporter -->
<testsuite skipped="0" hostname="MyPC-PC" name="testcases.FlightPageTest" tests="1" failures="0" timestamp="10 Feb 2018 22:58:00 GMT" time="60.628" errors="0">
  <testcase name="testCase" time="60.628" classname="testcases.FlightPageTest"/>
</testsuite> <!-- testcases.FlightPageTest -->
